<?xml version="1.0" encoding="UTF-8" ?>
<testsuite errors="0" failures="0" hostname="WIN-MPZACNWLHA" name="it.salestaxes.test.SalesTaxesTest" skipped="0" tests="3" time="0.075" timestamp="2016-11-23T23:32:59">
  <properties>
    <property name="java.vendor" value="Oracle Corporation" />
    <property name="dir.build" value="target" />
    <property name="dir.libs" value="target/libs" />
    <property name="sun.java.launcher" value="SUN_STANDARD" />
    <property name="sun.management.compiler" value="HotSpot 64-Bit Tiered Compilers" />
    <property name="os.name" value="Windows 10" />
    <property name="sun.boot.class.path" value="C:\Program Files\Java\jdk1.8.0_91\jre\lib\resources.jar;C:\Program Files\Java\jdk1.8.0_91\jre\lib\rt.jar;C:\Program Files\Java\jdk1.8.0_91\jre\lib\sunrsasign.jar;C:\Program Files\Java\jdk1.8.0_91\jre\lib\jsse.jar;C:\Program Files\Java\jdk1.8.0_91\jre\lib\jce.jar;C:\Program Files\Java\jdk1.8.0_91\jre\lib\charsets.jar;C:\Program Files\Java\jdk1.8.0_91\jre\lib\jfr.jar;C:\Program Files\Java\jdk1.8.0_91\jre\classes" />
    <property name="ant.file.SalesTaxes" value="C:\Users\ivan.savocchia\workspace\SalesTaxes\build.xml" />
    <property name="user.country.format" value="IT" />
    <property name="sun.desktop" value="windows" />
    <property name="java.vm.specification.vendor" value="Oracle Corporation" />
    <property name="ant.home" value="C:\apache-ant-1.9.7" />
    <property name="java.runtime.version" value="1.8.0_91-b15" />
    <property name="ant.file.type.SalesTaxes" value="file" />
    <property name="user.name" value="ivan.savocchia" />
    <property name="user.language.format" value="it" />
    <property name="dir.classes" value="target/classes" />
    <property name="user.language" value="en" />
    <property name="sun.boot.library.path" value="C:\Program Files\Java\jdk1.8.0_91\jre\bin" />
    <property name="ant.project.default-target" value="help" />
    <property name="ant.project.name" value="SalesTaxes" />
    <property name="java.version" value="1.8.0_91" />
    <property name="user.timezone" value="" />
    <property name="sun.arch.data.model" value="64" />
    <property name="java.endorsed.dirs" value="C:\Program Files\Java\jdk1.8.0_91\jre\lib\endorsed" />
    <property name="sun.cpu.isalist" value="amd64" />
    <property name="sun.jnu.encoding" value="Cp1252" />
    <property name="file.encoding.pkg" value="sun.io" />
    <property name="file.separator" value="\" />
    <property name="java.specification.name" value="Java Platform API Specification" />
    <property name="java.class.version" value="52.0" />
    <property name="user.country" value="US" />
    <property name="java.home" value="C:\Program Files\Java\jdk1.8.0_91\jre" />
    <property name="java.vm.info" value="mixed mode" />
    <property name="ant.file" value="C:\Users\ivan.savocchia\workspace\SalesTaxes\build.xml" />
    <property name="os.version" value="10.0" />
    <property name="path.separator" value=";" />
    <property name="java.vm.version" value="25.91-b15" />
    <property name="user.variant" value="" />
    <property name="ant.library.dir" value="C:\apache-ant-1.9.7\lib" />
    <property name="java.awt.printerjob" value="sun.awt.windows.WPrinterJob" />
    <property name="sun.io.unicode.encoding" value="UnicodeLittle" />
    <property name="awt.toolkit" value="sun.awt.windows.WToolkit" />
    <property name="sun.stdout.encoding" value="cp850" />
    <property name="user.script" value="" />
    <property name="user.home" value="C:\Users\ivan.savocchia" />
    <property name="java.specification.vendor" value="Oracle Corporation" />
    <property name="dir.test" value="test" />
    <property name="java.library.path" value="C:\Program Files\Java\jdk1.8.0_91\jre\bin;C:\windows\Sun\Java\bin;C:\windows\system32;C:\windows;C:\ProgramData\Oracle\Java\javapath;C:\windows\system32;C:\windows;C:\windows\System32\Wbem;C:\windows\System32\WindowsPowerShell\v1.0\;C:\apache-ant-1.9.7\bin;C:\Program Files\Java\jdk1.8.0_91\bin;C:\apache-tomcat-8.5.5\bin;C:\apache-jmeter-3.0\bin;C:\apache-maven-3.3.9\bin;C:\Program Files (x86)\Skype\Phone\;." />
    <property name="java.vendor.url" value="http://java.oracle.com/" />
    <property name="java.vm.vendor" value="Oracle Corporation" />
    <property name="dir.src" value="src" />
    <property name="java.runtime.name" value="Java(TM) SE Runtime Environment" />
    <property name="sun.java.command" value="org.apache.tools.ant.taskdefs.optional.junit.JUnitTestRunner it.salestaxes.test.SalesTaxesTest skipNonTests=false filtertrace=true haltOnError=false haltOnFailure=true formatter=org.apache.tools.ant.taskdefs.optional.junit.SummaryJUnitResultFormatter showoutput=false outputtoformatters=true logfailedtests=true threadid=0 logtestlistenerevents=false formatter=org.apache.tools.ant.taskdefs.optional.junit.PlainJUnitResultFormatter,C:\Users\ivan.savocchia\workspace\SalesTaxes\target\test-output\TEST-it.salestaxes.test.SalesTaxesTest.txt formatter=org.apache.tools.ant.taskdefs.optional.junit.XMLJUnitResultFormatter,C:\Users\ivan.savocchia\workspace\SalesTaxes\target\test-output\TEST-it.salestaxes.test.SalesTaxesTest.xml crashfile=C:\Users\ivan.savocchia\workspace\SalesTaxes\junitvmwatcher8150825496237679821.properties propsfile=C:\Users\ivan.savocchia\workspace\SalesTaxes\junit5214971050907041592.properties" />
    <property name="java.class.path" value="C:\Users\ivan.savocchia\workspace\SalesTaxes\target\libs\hamcrest-core-1.3.jar;C:\Users\ivan.savocchia\workspace\SalesTaxes\target\libs\hamcrest-library-1.3.jar;C:\Users\ivan.savocchia\workspace\SalesTaxes\target\libs\junit-4.12.jar;C:\Users\ivan.savocchia\workspace\SalesTaxes\target\classes;C:\Users\ivan.savocchia\workspace\SalesTaxes\target\test-classes;C:\apache-ant-1.9.7\lib\ant-launcher.jar;C:\apache-ant-1.9.7\lib\ant.jar;C:\apache-ant-1.9.7\lib\ant-junit.jar;C:\apache-ant-1.9.7\lib\ant-junit4.jar" />
    <property name="ant.version" value="Apache Ant(TM) version 1.9.7 compiled on April 9 2016" />
    <property name="java.vm.specification.name" value="Java Virtual Machine Specification" />
    <property name="ant.file.type" value="file" />
    <property name="java.vm.specification.version" value="1.8" />
    <property name="dir.conf" value="conf" />
    <property name="sun.cpu.endian" value="little" />
    <property name="sun.os.patch.level" value="" />
    <property name="java.io.tmpdir" value="C:\Users\IVAN~1.SAV\AppData\Local\Temp\" />
    <property name="java.vendor.url.bug" value="http://bugreport.sun.com/bugreport/" />
    <property name="os.arch" value="amd64" />
    <property name="java.awt.graphicsenv" value="sun.awt.Win32GraphicsEnvironment" />
    <property name="java.ext.dirs" value="C:\Program Files\Java\jdk1.8.0_91\jre\lib\ext;C:\windows\Sun\Java\lib\ext" />
    <property name="user.dir" value="C:\Users\ivan.savocchia\workspace\SalesTaxes" />
    <property name="line.separator" value="&#xd;&#xa;" />
    <property name="java.vm.name" value="Java HotSpot(TM) 64-Bit Server VM" />
    <property name="basedir" value="C:\Users\ivan.savocchia\workspace\SalesTaxes" />
    <property name="libs.files" value="../libs-java" />
    <property name="ant.java.version" value="1.8" />
    <property name="ant.core.lib" value="C:\apache-ant-1.9.7\lib\ant.jar" />
    <property name="file.encoding" value="Cp1252" />
    <property name="sun.stderr.encoding" value="cp850" />
    <property name="dir.testClasses" value="target/test-classes" />
    <property name="java.specification.version" value="1.8" />
    <property name="ant.project.invoked-targets" value="test" />
    <property name="dir.testOutput" value="target/test-output" />
  </properties>
  <testcase classname="it.salestaxes.test.SalesTaxesTest" name="generateReceiptTest1" time="0.009" />
  <testcase classname="it.salestaxes.test.SalesTaxesTest" name="generateReceiptTest2" time="0.0" />
  <testcase classname="it.salestaxes.test.SalesTaxesTest" name="generateReceiptTest3" time="0.001" />
  <system-out><![CDATA[Output 1:
1 book: 12.49
1 music CD: 16.49
1 chocolate bar: 0.85
Sales Taxes: 1.50
Total: 29.83


Output 2:
1 imported box of chocolates: 10.50
1 imported bottle of perfume: 54.65
Sales Taxes: 7.65
Total: 65.15


Output 3:
1 imported  bottle of perfume: 32.19
1 bottle of perfume: 20.89
1 packet of headache pills: 9.75
1 imported box of chocolates: 11.80
Sales Taxes: 6.65
Total: 74.63


]]></system-out>
  <system-err><![CDATA[]]></system-err>
</testsuite>
